SF:lib/core/errors/failure.dart
DA:6,2
DA:10,0
DA:11,0
DA:15,0
DA:19,0
LF:5
LH:1
end_of_record
SF:lib/features/recipe_details/data/models/component_model.dart
DA:4,3
DA:7,3
DA:8,3
DA:9,3
DA:10,3
DA:14,0
DA:16,0
LF:7
LH:5
end_of_record
SF:lib/features/recipe_details/domain/entities/component.dart
DA:9,6
DA:14,0
DA:15,0
LF:3
LH:1
end_of_record
SF:lib/features/recipe_details/data/models/section_model.dart
DA:5,3
DA:7,3
DA:8,3
DA:9,3
DA:10,6
DA:11,4
DA:17,0
DA:18,0
LF:8
LH:6
end_of_record
SF:lib/features/recipe_details/domain/entities/section.dart
DA:8,6
DA:12,0
DA:13,0
LF:3
LH:1
end_of_record
SF:lib/features/home/data/models/rating_model.dart
DA:4,22
DA:9,6
DA:10,6
DA:11,6
DA:12,6
DA:13,12
DA:17,0
DA:19,0
LF:8
LH:6
end_of_record
SF:lib/features/home/domain/entities/rating.dart
DA:7,36
DA:13,2
DA:14,8
LF:3
LH:3
end_of_record
SF:lib/features/home/domain/entities/recipe_card.dart
DA:10,13
DA:17,2
DA:19,2
DA:20,2
DA:21,2
DA:22,2
DA:23,2
LF:7
LH:7
end_of_record
SF:lib/features/recipe_details/data/models/detailed_recipe_model.dart
DA:7,2
DA:15,2
DA:16,2
DA:17,2
DA:18,2
DA:19,2
DA:20,2
DA:22,4
DA:23,2
DA:24,4
DA:25,4
DA:28,2
DA:29,4
DA:30,4
DA:36,0
DA:38,0
LF:16
LH:14
end_of_record
SF:lib/features/recipe_details/data/models/instruction_model.dart
DA:4,3
DA:7,3
DA:8,3
DA:9,3
DA:10,3
LF:5
LH:5
end_of_record
SF:lib/features/recipe_details/domain/entities/detailed_recipe.dart
DA:10,6
LF:1
LH:1
end_of_record
SF:lib/features/recipe_details/domain/entities/instruction.dart
DA:8,6
DA:13,0
DA:14,0
LF:3
LH:1
end_of_record
SF:lib/features/home/domain/usecases/get_recipe_by_query_usecase.dart
DA:6,0
DA:8,0
DA:9,0
LF:3
LH:0
end_of_record
SF:lib/features/home/domain/usecases/get_recipe_list_usecase.dart
DA:6,0
DA:8,0
DA:9,0
LF:3
LH:0
end_of_record
SF:lib/features/home/presentation/controllers/home_bloc.dart
DA:12,0
DA:14,0
DA:15,0
DA:16,0
DA:19,0
DA:20,0
DA:22,0
DA:25,0
DA:26,0
DA:27,0
DA:28,0
DA:29,0
DA:30,0
DA:31,0
DA:33,0
DA:35,0
DA:39,0
DA:41,0
DA:45,0
DA:47,0
DA:51,0
DA:53,0
DA:54,0
DA:55,0
DA:56,0
DA:57,0
DA:58,0
DA:59,0
DA:60,0
DA:63,0
DA:65,0
DA:66,0
DA:70,0
DA:72,0
LF:34
LH:0
end_of_record
SF:lib/features/home/presentation/controllers/home_events.dart
DA:4,1
DA:6,0
DA:7,0
DA:11,1
DA:16,0
DA:17,0
DA:18,1
LF:7
LH:3
end_of_record
SF:lib/features/home/presentation/controllers/home_states.dart
DA:20,5
DA:31,1
DA:33,1
DA:34,1
DA:35,1
DA:36,1
DA:37,1
DA:38,1
DA:39,1
DA:40,1
DA:41,1
DA:45,0
DA:55,0
DA:56,0
DA:57,0
DA:58,0
DA:59,0
DA:60,0
DA:61,0
DA:62,0
DA:63,0
DA:70,0
LF:22
LH:11
end_of_record
SF:lib/features/home/data/data_source/home_remote_data_source.dart
DA:13,0
DA:15,0
DA:16,0
DA:17,0
DA:19,0
DA:22,0
DA:26,0
DA:27,0
LF:8
LH:0
end_of_record
SF:lib/features/home/data/models/recipe_list_model.dart
DA:6,2
DA:8,2
DA:10,8
DA:11,2
LF:4
LH:4
end_of_record
SF:lib/features/home/domain/entities/recipe_cards_list.dart
DA:9,3
DA:13,0
DA:14,0
LF:3
LH:1
end_of_record
SF:lib/core/network/api_client.dart
DA:7,0
DA:9,0
DA:11,0
DA:13,0
DA:14,0
DA:15,0
DA:17,0
DA:20,0
DA:21,0
DA:22,0
DA:24,0
DA:27,0
LF:12
LH:0
end_of_record
SF:lib/features/home/data/models/recipe_card_model.dart
DA:5,3
DA:12,3
DA:13,3
DA:14,3
DA:15,3
DA:16,3
DA:17,3
DA:19,6
DA:23,0
DA:25,0
LF:10
LH:8
end_of_record
SF:lib/features/recipe_details/domain/repository/base_recipe_details_repository.dart
DA:6,0
LF:1
LH:0
end_of_record
SF:lib/features/recipe_details/data/data_source/remote_data_source.dart
DA:10,0
DA:12,0
DA:13,0
DA:14,0
LF:4
LH:0
end_of_record
SF:lib/features/recipe_details/presentation/controllers/recipe_details_bloc.dart
DA:10,0
DA:11,0
DA:12,0
DA:15,0
DA:17,0
DA:20,0
DA:21,0
DA:22,0
DA:23,0
DA:24,0
DA:27,0
DA:28,0
LF:12
LH:0
end_of_record
SF:lib/features/recipe_details/presentation/controllers/recipe_details_events.dart
DA:5,1
DA:7,0
DA:8,0
DA:12,1
LF:4
LH:2
end_of_record
SF:lib/features/recipe_details/presentation/controllers/recipe_details_states.dart
DA:13,2
DA:24,1
DA:25,4
DA:27,0
DA:32,0
DA:33,0
DA:34,0
DA:35,0
LF:8
LH:3
end_of_record
SF:lib/features/recipe_details/domain/usecase/get_recipe_details_usecase.dart
DA:8,0
DA:10,0
DA:11,0
LF:3
LH:0
end_of_record
